[16:15:40] [main/INFO] (FabricLoader/GameProvider) Loading Minecraft 1.19.2 with Fabric Loader 0.14.9
[16:15:40] [main/INFO] (FabricLoader) Loading 46 mods:
	- fabric-api 0.67.1+1.19.2
	- fabric-api-base 0.4.13+0d0f210290
	- fabric-api-lookup-api-v1 1.6.12+93d8cb8290
	- fabric-biome-api-v1 9.0.20+0d0f210290
	- fabric-block-api-v1 1.0.1+12bfe4ea90
	- fabric-blockrenderlayer-v1 1.1.22+c6af733c90
	- fabric-client-tags-api-v1 1.0.3+b35fea8390
	- fabric-command-api-v2 2.1.9+93d8cb8290
	- fabric-content-registries-v0 3.4.3+6064db2a90
	- fabric-convention-tags-v1 1.1.3+93d8cb8290
	- fabric-crash-report-info-v1 0.2.7+aeb40ebe90
	- fabric-data-generation-api-v1 5.3.1+ad31814d90
	- fabric-dimensions-v1 2.1.33+0d0f210290
	- fabric-entity-events-v1 1.5.2+9244241690
	- fabric-events-interaction-v0 0.4.30+c6af733c90
	- fabric-game-rule-api-v1 1.0.23+c6af733c90
	- fabric-gametest-api-v1 1.1.4+704e47e990
	- fabric-item-api-v1 1.6.1+fa140d5990
	- fabric-item-groups-v0 0.3.35+9244241690
	- fabric-key-binding-api-v1 1.0.23+aaaf9d3390
	- fabric-lifecycle-events-v1 2.2.2+9244241690
	- fabric-loot-api-v2 1.1.9+83a8659290
	- fabric-message-api-v1 5.0.5+93d8cb8290
	- fabric-mining-level-api-v1 2.1.20+33fbc73890
	- fabric-models-v0 0.3.19+c6af733c90
	- fabric-networking-api-v1 1.2.7+9244241690
	- fabric-object-builder-api-v1 4.1.2+06e0e25190
	- fabric-particles-v1 1.0.12+79adfe0a90
	- fabric-registry-sync-v0 0.9.28+9244241690
	- fabric-renderer-api-v1 1.0.14+12bfe4ea90
	- fabric-renderer-indigo 0.6.16+aeb40ebe90
	- fabric-rendering-data-attachment-v1 0.3.17+0d0f210290
	- fabric-rendering-fluids-v1 3.0.9+c6af733c90
	- fabric-rendering-v1 1.11.1+73145abb90
	- fabric-resource-conditions-api-v1 2.1.1+aae9039d90
	- fabric-resource-loader-v0 0.8.1+0d0f210290
	- fabric-screen-api-v1 1.0.29+0d0f210290
	- fabric-screen-handler-api-v1 1.3.3+1cc24b1b90
	- fabric-sound-api-v1 1.0.1+c4f28df590
	- fabric-textures-v0 1.0.22+aeb40ebe90
	- fabric-transfer-api-v1 2.1.3+9d081d6490
	- fabric-transitive-access-wideners-v1 1.3.2+42d99c3290
	- fabricloader 0.14.9
	- java 17
	- minecraft 1.19.2
	- t77 1.0.1
[16:15:41] [main/INFO] (FabricLoader/Mixin) SpongePowered MIXIN Subsystem Version=0.8.5 Source=file:/home/trains77/.mcreator/gradle/caches/modules-2/files-2.1/net.fabricmc/sponge-mixin/0.11.4+mixin.0.8.5/c1dc27696aa4006e492c2485c9ccbcb26045a971/sponge-mixin-0.11.4+mixin.0.8.5.jar Service=Knot/Fabric Env=CLIENT
[16:15:42] [main/INFO] (FabricLoader/Mixin) Loaded Fabric development mappings for mixin remapper!
[16:15:42] [main/INFO] (FabricLoader/Mixin) Compatibility level set to JAVA_16
[16:15:42] [main/INFO] (FabricLoader/Mixin) Compatibility level set to JAVA_17
[16:15:46] [main/WARN] (FileUtil) Configuration conflict: there is more than one oshi.properties file on the classpath
[16:15:46] [main/WARN] (FileUtil) Configuration conflict: there is more than one oshi.architecture.properties file on the classpath
[16:15:54] [main/INFO] (Minecraft) Building optimized datafixer
[16:16:01] [Render thread/INFO] (Minecraft) Environment: authHost='https://authserver.mojang.com', accountsHost='https://api.mojang.com', sessionHost='https://sessionserver.mojang.com', servicesHost='https://api.minecraftservices.com', name='PROD'
[16:16:03] [Render thread/ERROR] (fabric-screen-api-v1) Failed to verify authentication
com.mojang.authlib.exceptions.InvalidCredentialsException: Status: 401
	at com.mojang.authlib.exceptions.MinecraftClientHttpException.toAuthenticationException(MinecraftClientHttpException.java:56) ~[authlib-3.11.49.jar:?]
	at com.mojang.authlib.yggdrasil.YggdrasilUserApiService.fetchProperties(YggdrasilUserApiService.java:155) ~[authlib-3.11.49.jar:?]
	at com.mojang.authlib.yggdrasil.YggdrasilUserApiService.<init>(YggdrasilUserApiService.java:55) ~[authlib-3.11.49.jar:?]
	at com.mojang.authlib.yggdrasil.YggdrasilAuthenticationService.createUserApiService(YggdrasilAuthenticationService.java:161) ~[authlib-3.11.49.jar:?]
	at net.minecraft.client.Minecraft.createUserApiService(Minecraft.java:626) [minecraft-project-@-merged-named.jar:?]
	at net.minecraft.client.Minecraft.<init>(Minecraft.java:428) [minecraft-project-@-merged-named.jar:?]
	at net.minecraft.client.main.Main.run(Main.java:184) [minecraft-project-@-merged-named.jar:?]
	at net.minecraft.client.main.Main.main(Main.java:55) [minecraft-project-@-merged-named.jar:?]
	at net.fabricmc.loader.impl.game.minecraft.MinecraftGameProvider.launch(MinecraftGameProvider.java:461) [fabric-loader-0.14.9.jar:?]
	at net.fabricmc.loader.impl.launch.knot.Knot.launch(Knot.java:74) [fabric-loader-0.14.9.jar:?]
	at net.fabricmc.loader.impl.launch.knot.KnotClient.main(KnotClient.java:23) [fabric-loader-0.14.9.jar:?]
	at net.fabricmc.devlaunchinjector.Main.main(Main.java:86) [dev-launch-injector-0.2.1+build.8.jar:?]
Caused by: com.mojang.authlib.exceptions.MinecraftClientHttpException: Status: 401
	at com.mojang.authlib.minecraft.client.MinecraftClient.readInputStream(MinecraftClient.java:87) ~[authlib-3.11.49.jar:?]
	at com.mojang.authlib.minecraft.client.MinecraftClient.get(MinecraftClient.java:48) ~[authlib-3.11.49.jar:?]
	at com.mojang.authlib.yggdrasil.YggdrasilUserApiService.fetchProperties(YggdrasilUserApiService.java:129) ~[authlib-3.11.49.jar:?]
	... 10 more
[16:16:03] [Render thread/INFO] (fabric-screen-api-v1) Setting user: Player43
[16:16:04] [Render thread/INFO] (T77Mod) Initializing T77Mod
[16:16:04] [Render thread/INFO] (Indigo) [Indigo] Registering Indigo renderer!
[16:16:06] [Render thread/INFO] (fabric-screen-api-v1) Backend library: LWJGL version 3.3.1 SNAPSHOT
[16:16:10] [Worker-Main-2/ERROR] (Minecraft) Failed to retrieve profile key pair
java.io.IOException: Could not retrieve profile key pair
	at net.minecraft.client.multiplayer.ProfileKeyPairManager.fetchProfileKeyPair(ProfileKeyPairManager.java:151) ~[minecraft-project-@-merged-named.jar:?]
	at net.minecraft.client.multiplayer.ProfileKeyPairManager.method_44291(ProfileKeyPairManager.java:72) ~[minecraft-project-@-merged-named.jar:?]
	at java.util.concurrent.CompletableFuture$AsyncSupply.run(CompletableFuture.java:1768) [?:?]
	at java.util.concurrent.CompletableFuture$AsyncSupply.exec(CompletableFuture.java:1760) [?:?]
	at java.util.concurrent.ForkJoinTask.doExec(ForkJoinTask.java:373) [?:?]
	at java.util.concurrent.ForkJoinPool$WorkQueue.topLevelExec(ForkJoinPool.java:1182) [?:?]
	at java.util.concurrent.ForkJoinPool.scan(ForkJoinPool.java:1655) [?:?]
	at java.util.concurrent.ForkJoinPool.runWorker(ForkJoinPool.java:1622) [?:?]
	at java.util.concurrent.ForkJoinWorkerThread.run(ForkJoinWorkerThread.java:165) [?:?]
[16:16:11] [Render thread/WARN] (Minecraft) ERROR : Couldn't load Narrator library
java.lang.UnsatisfiedLinkError: libflite.so.1: cannot open shared object file: No such file or directory
	at com.sun.jna.Native.open(Native Method) ~[jna-5.10.0.jar:?]
	at com.sun.jna.NativeLibrary.loadLibrary(NativeLibrary.java:277) ~[jna-5.10.0.jar:?]
	at com.sun.jna.NativeLibrary.getInstance(NativeLibrary.java:461) ~[jna-5.10.0.jar:?]
	at com.sun.jna.NativeLibrary.getInstance(NativeLibrary.java:403) ~[jna-5.10.0.jar:?]
	at com.mojang.text2speech.NarratorLinux.<clinit>(NarratorLinux.java:18) [text2speech-1.13.9.jar:?]
	at com.mojang.text2speech.Narrator.getNarrator(Narrator.java:21) [text2speech-1.13.9.jar:?]
	at net.minecraft.client.GameNarrator.<init>(GameNarrator.java:28) [minecraft-project-@-merged-named.jar:?]
	at net.minecraft.client.Minecraft.<init>(Minecraft.java:560) [minecraft-project-@-merged-named.jar:?]
	at net.minecraft.client.main.Main.run(Main.java:184) [minecraft-project-@-merged-named.jar:?]
	at net.minecraft.client.main.Main.main(Main.java:55) [minecraft-project-@-merged-named.jar:?]
	at net.fabricmc.loader.impl.game.minecraft.MinecraftGameProvider.launch(MinecraftGameProvider.java:461) [fabric-loader-0.14.9.jar:?]
	at net.fabricmc.loader.impl.launch.knot.Knot.launch(Knot.java:74) [fabric-loader-0.14.9.jar:?]
	at net.fabricmc.loader.impl.launch.knot.KnotClient.main(KnotClient.java:23) [fabric-loader-0.14.9.jar:?]
	at net.fabricmc.devlaunchinjector.Main.main(Main.java:86) [dev-launch-injector-0.2.1+build.8.jar:?]
[16:16:11] [Render thread/INFO] (Minecraft) Reloading ResourceManager: Default, Fabric Mods (Fabric Transfer API (v1), Fabric Command API (v2), Fabric API Lookup API (v1), Fabric Rendering Fluids (v1), Fabric Convention Tags, Fabric Lifecycle Events (v1), Fabric API Base, Fabric Sound API (v1), Fabric Entity Events (v1), Fabric API, Fabric Events Interaction (v0), Fabric Networking API (v1), Fabric Renderer API (v1), Fabric Loader, Fabric Transitive Access Wideners (v1), Fabric Key Binding API (v1), Fabric BlockRenderLayer Registration (v1), Fabric Game Rule API (v1), Fabric Dimensions API (v1), Fabric Resource Conditions API (v1), Fabric Data Generation API (v1), Fabric Content Registries (v0), Fabric Object Builder API (v1), Fabric Particles (v1), Fabric Screen API (v1), Fabric Models (v0), Fabric Mining Level API (v1), Fabric Textures (v0), Fabric Client Tags, Fabric Rendering (v1), Fabric Biome API (v1), Fabric Rendering Data Attachment (v1), Fabric Loot API (v2), T77 Modifications, Fabric Item API (v1), Fabric Message API (v1), Fabric Crash Report Info (v1), Fabric Screen Handler API (v1), Fabric Registry Sync (v0), Fabric Resource Loader (v0), Fabric Game Test API (v1), Fabric Item Groups (v0), Fabric Renderer - Indigo)
[16:16:13] [Realms Notification Availability checker #1/INFO] (Minecraft) Could not authorize you against Realms server: Invalid session id
[16:16:29] [Render thread/WARN] (Minecraft) Missing sound for event: minecraft:item.goat_horn.play
[16:16:29] [Render thread/WARN] (Minecraft) Missing sound for event: minecraft:entity.goat.screaming.horn_break
[16:16:29] [Render thread/INFO] (Minecraft) OpenAL initialized on device Family 17h/19h HD Audio Controller Analog Stereo
[16:16:29] [Render thread/INFO] (Minecraft) Sound engine started
[16:16:30] [Render thread/INFO] (Minecraft) Created: 1024x1024x1 minecraft:textures/atlas/blocks.png-atlas
[16:16:31] [Render thread/INFO] (Minecraft) Created: 256x128x1 minecraft:textures/atlas/signs.png-atlas
[16:16:31] [Render thread/INFO] (Minecraft) Created: 1024x512x1 minecraft:textures/atlas/banner_patterns.png-atlas
[16:16:31] [Render thread/INFO] (Minecraft) Created: 1024x512x1 minecraft:textures/atlas/shield_patterns.png-atlas
[16:16:31] [Render thread/INFO] (Minecraft) Created: 256x256x1 minecraft:textures/atlas/chest.png-atlas
[16:16:31] [Render thread/INFO] (Minecraft) Created: 512x256x1 minecraft:textures/atlas/beds.png-atlas
[16:16:31] [Render thread/INFO] (Minecraft) Created: 512x256x1 minecraft:textures/atlas/shulker_boxes.png-atlas
[16:16:35] [Render thread/WARN] (Minecraft) Shader rendertype_entity_translucent_emissive could not find sampler named Sampler2 in the specified shader program.
[16:16:35] [Render thread/INFO] (Minecraft) Created: 512x256x0 minecraft:textures/atlas/particles.png-atlas
[16:16:35] [Render thread/INFO] (Minecraft) Created: 256x256x0 minecraft:textures/atlas/paintings.png-atlas
[16:16:35] [Render thread/INFO] (Minecraft) Created: 256x128x0 minecraft:textures/atlas/mob_effects.png-atlas
[16:17:14] [Render thread/INFO] (FabricRegistrySync) [fabric-registry-sync] Loaded registry data [file 1/4]
[16:17:17] [Render thread/INFO] (Minecraft) Loaded 7 recipes
[16:17:17] [Render thread/INFO] (Minecraft) Loaded 1180 advancements
[16:17:21] [Worker-Main-7/ERROR] (Minecraft) Failed to retrieve profile key pair
java.io.IOException: Could not retrieve profile key pair
	at net.minecraft.client.multiplayer.ProfileKeyPairManager.fetchProfileKeyPair(ProfileKeyPairManager.java:151) ~[minecraft-project-@-merged-named.jar:?]
	at net.minecraft.client.multiplayer.ProfileKeyPairManager.method_44291(ProfileKeyPairManager.java:72) ~[minecraft-project-@-merged-named.jar:?]
	at java.util.concurrent.CompletableFuture$AsyncSupply.run(CompletableFuture.java:1768) [?:?]
	at java.util.concurrent.CompletableFuture$AsyncSupply.exec(CompletableFuture.java:1760) [?:?]
	at java.util.concurrent.ForkJoinTask.doExec(ForkJoinTask.java:373) [?:?]
	at java.util.concurrent.ForkJoinPool$WorkQueue.topLevelExec(ForkJoinPool.java:1182) [?:?]
	at java.util.concurrent.ForkJoinPool.scan(ForkJoinPool.java:1655) [?:?]
	at java.util.concurrent.ForkJoinPool.runWorker(ForkJoinPool.java:1622) [?:?]
	at java.util.concurrent.ForkJoinWorkerThread.run(ForkJoinWorkerThread.java:165) [?:?]
[16:17:21] [Render thread/INFO] (BiomeModificationImpl) Applied 0 biome modifications to 0 of 63 new biomes in 13.66 ms
[16:17:21] [Server thread/INFO] (Minecraft) Starting integrated minecraft server version 1.19.2
[16:17:21] [Server thread/INFO] (Minecraft) Generating keypair
[16:17:22] [Server thread/INFO] (Minecraft) Preparing start region for dimension minecraft:overworld
[16:17:40] [Render thread/INFO] (Minecraft) Preparing spawn area: 0%
[16:17:40] [Render thread/INFO] (Minecraft) Preparing spawn area: 0%
[16:17:40] [Render thread/INFO] (Minecraft) Preparing spawn area: 0%
[16:17:40] [Render thread/INFO] (Minecraft) Preparing spawn area: 0%
[16:17:40] [Render thread/INFO] (Minecraft) Preparing spawn area: 0%
[16:17:40] [Render thread/INFO] (Minecraft) Preparing spawn area: 0%
[16:17:40] [Render thread/INFO] (Minecraft) Preparing spawn area: 0%
[16:17:40] [Render thread/INFO] (Minecraft) Preparing spawn area: 0%
[16:17:40] [Render thread/INFO] (Minecraft) Preparing spawn area: 0%
[16:17:40] [Render thread/INFO] (Minecraft) Preparing spawn area: 0%
[16:17:40] [Render thread/INFO] (Minecraft) Preparing spawn area: 0%
[16:17:40] [Render thread/INFO] (Minecraft) Preparing spawn area: 0%
[16:17:40] [Render thread/INFO] (Minecraft) Preparing spawn area: 0%
[16:17:40] [Render thread/INFO] (Minecraft) Preparing spawn area: 0%
[16:17:40] [Render thread/INFO] (Minecraft) Preparing spawn area: 0%
[16:17:40] [Render thread/INFO] (Minecraft) Preparing spawn area: 0%
[16:17:40] [Render thread/INFO] (Minecraft) Preparing spawn area: 0%
[16:17:40] [Render thread/INFO] (Minecraft) Preparing spawn area: 0%
[16:17:40] [Render thread/INFO] (Minecraft) Preparing spawn area: 0%
[16:17:40] [Render thread/INFO] (Minecraft) Preparing spawn area: 0%
[16:17:40] [Render thread/INFO] (Minecraft) Preparing spawn area: 0%
[16:17:40] [Render thread/INFO] (Minecraft) Preparing spawn area: 0%
[16:17:40] [Render thread/INFO] (Minecraft) Preparing spawn area: 0%
[16:17:40] [Render thread/INFO] (Minecraft) Preparing spawn area: 0%
[16:17:40] [Render thread/INFO] (Minecraft) Preparing spawn area: 0%
[16:17:40] [Render thread/INFO] (Minecraft) Preparing spawn area: 0%
[16:17:40] [Render thread/INFO] (Minecraft) Preparing spawn area: 0%
[16:17:40] [Render thread/INFO] (Minecraft) Preparing spawn area: 0%
[16:17:40] [Render thread/INFO] (Minecraft) Preparing spawn area: 0%
[16:17:40] [Render thread/INFO] (Minecraft) Preparing spawn area: 0%
[16:17:40] [Render thread/INFO] (Minecraft) Preparing spawn area: 0%
[16:17:40] [Render thread/INFO] (Minecraft) Preparing spawn area: 0%
[16:17:40] [Render thread/INFO] (Minecraft) Preparing spawn area: 0%
[16:17:40] [Render thread/INFO] (Minecraft) Preparing spawn area: 0%
[16:17:40] [Render thread/INFO] (Minecraft) Preparing spawn area: 0%
[16:17:40] [Render thread/INFO] (Minecraft) Preparing spawn area: 0%
[16:17:40] [Render thread/INFO] (Minecraft) Preparing spawn area: 0%
[16:17:40] [Render thread/INFO] (Minecraft) Preparing spawn area: 0%
[16:17:41] [Render thread/INFO] (Minecraft) Preparing spawn area: 0%
[16:17:41] [Render thread/INFO] (Minecraft) Preparing spawn area: 0%
[16:17:42] [Render thread/INFO] (Minecraft) Preparing spawn area: 0%
[16:17:42] [Render thread/INFO] (Minecraft) Preparing spawn area: 0%
[16:17:43] [Render thread/INFO] (Minecraft) Preparing spawn area: 0%
[16:17:43] [Render thread/INFO] (Minecraft) Preparing spawn area: 0%
[16:17:44] [Render thread/INFO] (Minecraft) Preparing spawn area: 0%
[16:17:44] [Render thread/INFO] (Minecraft) Preparing spawn area: 0%
[16:17:45] [Render thread/INFO] (Minecraft) Preparing spawn area: 0%
[16:17:45] [Render thread/INFO] (Minecraft) Preparing spawn area: 0%
[16:17:46] [Render thread/INFO] (Minecraft) Preparing spawn area: 0%
[16:17:46] [Render thread/INFO] (Minecraft) Preparing spawn area: 0%
[16:17:47] [Render thread/INFO] (Minecraft) Preparing spawn area: 32%
[16:17:47] [Render thread/INFO] (Minecraft) Preparing spawn area: 42%
[16:17:48] [Render thread/INFO] (Minecraft) Preparing spawn area: 77%
[16:17:48] [Render thread/INFO] (Minecraft) Preparing spawn area: 77%
[16:17:49] [Render thread/INFO] (Minecraft) Time elapsed: 27239 ms
[16:17:50] [Server thread/INFO] (Minecraft) Changing view distance to 8, from 10
[16:17:50] [Server thread/INFO] (Minecraft) Changing simulation distance to 5, from 0
[16:17:52] [Server thread/INFO] (Minecraft) Player43[local:E:439bc142] logged in with entity id 33 at (2.084714176355382, -61.0, 4.146922609453137)
[16:17:53] [Server thread/INFO] (Minecraft) Player43 joined the game
[16:17:54] [Server thread/WARN] (Minecraft) Can't keep up! Is the server overloaded? Running 2121ms or 42 ticks behind
[16:18:01] [Render thread/INFO] (Minecraft) Loaded 2 advancements
[16:18:05] [Server thread/INFO] (Minecraft) Saving and pausing game...
[16:18:05] [Server thread/INFO] (Minecraft) Saving chunks for level 'ServerLevel[Modded]'/minecraft:overworld
[16:18:05] [Server thread/INFO] (Minecraft) Saving chunks for level 'ServerLevel[Modded]'/minecraft:the_end
[16:18:05] [Server thread/INFO] (Minecraft) Saving chunks for level 'ServerLevel[Modded]'/minecraft:the_nether
[16:18:37] [Server thread/INFO] (Minecraft) [Player43: Summoned new Villager]
[16:18:37] [Render thread/INFO] (Minecraft) [System] [CHAT] Summoned new Villager
[16:19:02] [Server thread/INFO] (Minecraft) [Player43: Gave 1 [Anvil] to Player43]
[16:19:02] [Render thread/INFO] (Minecraft) [System] [CHAT] Gave 1 [Anvil] to Player43
[16:19:16] [Server thread/INFO] (Minecraft) Villager Villager['Villager'/50, l='ServerLevel[Modded]', x=-1.01, y=-61.00, z=7.52] died, message: 'Villager was slain by Player43'
[16:19:16] [Render thread/INFO] (Minecraft) Villager Villager['Villager'/50, l='ClientLevel', x=-0.40, y=-61.00, z=7.57] died, message: 'Villager died'
[16:19:17] [Render thread/INFO] (Minecraft) Loaded 25 advancements
[16:19:44] [Server thread/INFO] (Minecraft) [Player43: Removed every effect from Player43]
[16:19:44] [Render thread/INFO] (Minecraft) [System] [CHAT] Removed every effect from Player43
[16:19:48] [Render thread/INFO] (Minecraft) [System] [CHAT] The difficulty did not change; it is already set to hard
[16:19:51] [Server thread/INFO] (Minecraft) [Player43: Gamerule mobGriefing is now set to: true]
[16:19:51] [Render thread/INFO] (Minecraft) [System] [CHAT] Gamerule mobGriefing is now set to: true
[16:21:10] [Server thread/INFO] (Minecraft) Player43 has made the advancement [Monster Hunter]
[16:21:10] [Render thread/INFO] (Minecraft) [System] [CHAT] Player43 has made the advancement [Monster Hunter]
[16:21:10] [Render thread/INFO] (Minecraft) Loaded 28 advancements
[16:21:14] [Render thread/INFO] (Minecraft) Loaded 29 advancements
[16:21:32] [Server thread/INFO] (Minecraft) Villager Villager['Villager'/123, l='ServerLevel[Modded]', x=-10.60, y=-60.00, z=17.61] died, message: 'Villager was slain by Player43'
[16:21:32] [Render thread/INFO] (Minecraft) Villager Villager['Villager'/123, l='ClientLevel', x=-9.76, y=-60.00, z=16.74] died, message: 'Villager died'
[16:21:44] [Server thread/INFO] (Minecraft) Villager Villager['Villager'/125, l='ServerLevel[Modded]', x=-19.31, y=-60.00, z=3.33] died, message: 'Villager was slain by Player43'
[16:21:44] [Render thread/INFO] (Minecraft) Villager Villager['Villager'/125, l='ClientLevel', x=-18.90, y=-60.00, z=2.97] died, message: 'Villager died'
[16:22:01] [Render thread/INFO] (fabric-screen-api-v1) Stopping!
[16:22:01] [Server thread/INFO] (Minecraft) Player43 lost connection: Disconnected
[16:22:01] [Server thread/INFO] (Minecraft) Player43 left the game
[16:22:01] [Server thread/INFO] (Minecraft) Stopping singleplayer server as player logged out
[16:22:01] [Server thread/INFO] (Minecraft) Stopping server
[16:22:01] [Server thread/INFO] (Minecraft) Saving players
[16:22:01] [Server thread/INFO] (Minecraft) Saving worlds
[16:22:05] [Server thread/INFO] (Minecraft) Saving chunks for level 'ServerLevel[Modded]'/minecraft:overworld
[16:22:05] [Server thread/INFO] (Minecraft) Saving chunks for level 'ServerLevel[Modded]'/minecraft:the_end
[16:22:05] [Server thread/INFO] (Minecraft) Saving chunks for level 'ServerLevel[Modded]'/minecraft:the_nether
[16:22:05] [Server thread/INFO] (Minecraft) ThreadedAnvilChunkStorage (Modded): All chunks are saved
[16:22:05] [Server thread/INFO] (Minecraft) ThreadedAnvilChunkStorage (DIM1): All chunks are saved
[16:22:05] [Server thread/INFO] (Minecraft) ThreadedAnvilChunkStorage (DIM-1): All chunks are saved
[16:22:05] [Server thread/INFO] (Minecraft) ThreadedAnvilChunkStorage: All dimensions are saved
